<?xml version="1.0" encoding="UTF-8"?>
<!-- Generated by org.testng.reporters.JUnitReportReporter -->
<testsuite skipped="0" hostname="DESKTOP-DRG79RM" name="com.crm.products.CreateProductsWithVendorTest" tests="1" failures="0" timestamp="2022-12-15T10:04:54 IST" time="59.910" errors="0">
  <testcase name="createProductsWithVendorTest" time="59.910" classname="com.crm.products.CreateProductsWithVendorTest"/>
  <system-out/>
</testsuite> <!-- com.crm.products.CreateProductsWithVendorTest -->
