<?xml version="1.0" encoding="UTF-8"?>
<!-- Generated by org.testng.reporters.JUnitReportReporter -->
<testsuite skipped="0" hostname="DESKTOP-DRG79RM" name="com.crm.organization.CreateOrganizationTest" tests="1" failures="0" timestamp="2022-12-15T10:04:54 IST" time="71.645" errors="0">
  <testcase name="createOrganizationTest" time="71.645" classname="com.crm.organization.CreateOrganizationTest"/>
  <system-out/>
</testsuite> <!-- com.crm.organization.CreateOrganizationTest -->
