<?xml version="1.0" encoding="UTF-8"?>
<!-- Generated by org.testng.reporters.JUnitReportReporter -->
<testsuite skipped="0" hostname="DESKTOP-DRG79RM" name="com.crm.leads.CreateLeadsTest" tests="1" failures="0" timestamp="2022-12-15T10:04:54 IST" time="43.409" errors="0">
  <testcase name="createLeadsTest" time="43.409" classname="com.crm.leads.CreateLeadsTest"/>
  <system-out/>
</testsuite> <!-- com.crm.leads.CreateLeadsTest -->
