<?xml version="1.0" encoding="UTF-8"?>
<!-- Generated by org.testng.reporters.JUnitReportReporter -->
<testsuite skipped="0" hostname="DESKTOP-DRG79RM" name="com.crm.contacts.TestNg_Ex" tests="1" failures="0" timestamp="02 Dec 2022 10:08:09 GMT" time="0.016" errors="0">
  <testcase name="test1" time="0.016" classname="com.crm.contacts.TestNg_Ex"/>
</testsuite> <!-- com.crm.contacts.TestNg_Ex -->
