<?xml version="1.0" encoding="UTF-8"?>
<!-- Generated by org.testng.reporters.JUnitReportReporter -->
<testsuite skipped="0" hostname="DESKTOP-DRG79RM" name="com.amandla.genericutility.DataProvider" tests="1" failures="0" timestamp="2022-12-13T13:15:31 IST" time="0.016" errors="0">
  <testcase name="login" time="0.016" classname="com.amandla.genericutility.DataProvider"/>
  <system-out/>
</testsuite> <!-- com.amandla.genericutility.DataProvider -->
