<?xml version="1.0" encoding="UTF-8"?>
<!-- Generated by org.testng.reporters.JUnitReportReporter -->
<testsuite hostname="DESKTOP-SGFG3MN" failures="0" tests="3" name="com.crm.testClassesPractice.TestngPractice1" time="0.032" errors="0" timestamp="2022-12-06T20:42:42 PST" skipped="0">
  <testcase classname="com.crm.testClassesPractice.TestngPractice1" name="test1" time="0.015"/>
  <system-out/>
  <testcase classname="com.crm.testClassesPractice.TestngPractice1" name="test2" time="0.005"/>
  <system-out/>
  <testcase classname="com.crm.testClassesPractice.TestngPractice1" name="test3" time="0.012"/>
  <system-out/>
</testsuite> <!-- com.crm.testClassesPractice.TestngPractice1 -->
