<?xml version="1.0" encoding="UTF-8"?>
<!-- Generated by org.testng.reporters.JUnitReportReporter -->
<testsuite skipped="0" hostname="DESKTOP-DRG79RM" name="com.crm.contacts.CreateContactsWithOrganizationNameTest" tests="1" failures="0" timestamp="2022-12-15T10:04:54 IST" time="67.848" errors="0">
  <testcase name="createContactsWithOrganizationNameTest" time="67.848" classname="com.crm.contacts.CreateContactsWithOrganizationNameTest"/>
  <system-out/>
</testsuite> <!-- com.crm.contacts.CreateContactsWithOrganizationNameTest -->
