<?xml version="1.0" encoding="UTF-8"?>
<!-- Generated by org.testng.reporters.JUnitReportReporter -->
<testsuite skipped="0" hostname="DESKTOP-DRG79RM" name="com.crm.practice.DataProviderEx" tests="13" failures="0" timestamp="2022-12-14T17:04:17 IST" time="0.124" errors="0">
  <testcase name="test2" time="0.016" classname="com.crm.practice.DataProviderEx"/>
  <system-out/>
  <testcase name="test1" time="0.000" classname="com.crm.practice.DataProviderEx"/>
  <system-out/>
  <testcase name="test1" time="0.041" classname="com.crm.practice.DataProviderEx"/>
  <system-out/>
  <testcase name="test2" time="0.000" classname="com.crm.practice.DataProviderEx"/>
  <system-out/>
  <testcase name="test1" time="0.000" classname="com.crm.practice.DataProviderEx"/>
  <system-out/>
  <testcase name="test2" time="0.000" classname="com.crm.practice.DataProviderEx"/>
  <system-out/>
  <testcase name="test2" time="0.015" classname="com.crm.practice.DataProviderEx"/>
  <system-out/>
  <testcase name="test2" time="0.000" classname="com.crm.practice.DataProviderEx"/>
  <system-out/>
  <testcase name="test2" time="0.015" classname="com.crm.practice.DataProviderEx"/>
  <system-out/>
  <testcase name="test2" time="0.016" classname="com.crm.practice.DataProviderEx"/>
  <system-out/>
  <testcase name="test2" time="0.015" classname="com.crm.practice.DataProviderEx"/>
  <system-out/>
  <testcase name="test2" time="0.006" classname="com.crm.practice.DataProviderEx"/>
  <system-out/>
  <testcase name="test2" time="0.000" classname="com.crm.practice.DataProviderEx"/>
  <system-out/>
</testsuite> <!-- com.crm.practice.DataProviderEx -->
