<?xml version="1.0" encoding="UTF-8"?>
<!-- Generated by org.testng.reporters.JUnitReportReporter -->
<testsuite hostname="DESKTOP-SGFG3MN" failures="0" tests="4" name="com.crm.testClassesPractice.TestNGPractice" time="0.012" errors="0" timestamp="2022-12-06T20:42:42 PST" skipped="0">
  <testcase classname="com.crm.testClassesPractice.TestNGPractice" name="test2" time="0.003"/>
  <system-out/>
  <testcase classname="com.crm.testClassesPractice.TestNGPractice" name="test2" time="0.003"/>
  <system-out/>
  <testcase classname="com.crm.testClassesPractice.TestNGPractice" name="test2" time="0.003"/>
  <system-out/>
  <testcase classname="com.crm.testClassesPractice.TestNGPractice" name="test2" time="0.003"/>
  <system-out/>
</testsuite> <!-- com.crm.testClassesPractice.TestNGPractice -->
